<?xml version="1.0" encoding="UTF-8"?>
<!-- Generated by org.testng.reporters.JUnitXMLReporter -->
<testsuite ignored="0" hostname="ITLP80" failures="0" tests="9" name="Surefire test" time="35.067" errors="0" timestamp="2023-07-02T11:08:20 IST">
  <testcase classname="test_Flipkart.Test1" name="openFlipkart1" time="8.421"/>
  <testcase classname="test_Flipkart.Test1" name="clearThePopUp" time="0.501"/>
  <testcase classname="test_Flipkart.Test1" name="viewMobile" time="0.5"/>
  <testcase classname="test_Flipkart.Test1" name="shopNowFromRealme" time="0.775"/>
  <testcase classname="test_Flipkart.Test1" name="selectDevice" time="15.199"/>
  <testcase classname="test_Flipkart.Test1" name="addToCart" time="0.362"/>
  <testcase classname="test_Flipkart.Test1" name="placeOrder" time="8.522"/>
  <testcase classname="test_Flipkart.Test1" name="typeNumber" time="0.264"/>
  <testcase classname="test_Flipkart.Test1" name="continueToRecieve" time="0.256"/>
</testsuite> <!-- Surefire test -->
