<?xml version="1.0" encoding="UTF-8"?>
<!-- Generated by org.testng.reporters.JUnitXMLReporter -->
<testsuite ignored="0" hostname="ITLP80" failures="0" tests="9" name="Test" time="15.276" errors="0" timestamp="2023-07-02T11:06:43 IST">
  <testcase classname="test_Flipkart.Test1" name="openFlipkart1" time="4.702"/>
  <testcase classname="test_Flipkart.Test1" name="clearThePopUp" time="0.587"/>
  <testcase classname="test_Flipkart.Test1" name="viewMobile" time="0.663"/>
  <testcase classname="test_Flipkart.Test1" name="shopNowFromRealme" time="0.947"/>
  <testcase classname="test_Flipkart.Test1" name="selectDevice" time="4.376"/>
  <testcase classname="test_Flipkart.Test1" name="addToCart" time="0.335"/>
  <testcase classname="test_Flipkart.Test1" name="placeOrder" time="2.845"/>
  <testcase classname="test_Flipkart.Test1" name="typeNumber" time="0.254"/>
  <testcase classname="test_Flipkart.Test1" name="continueToRecieve" time="0.262"/>
</testsuite> <!-- Test -->
