<?xml version="1.0" encoding="UTF-8"?>
<testng-results ignored="0" total="9" passed="9" failed="0" skipped="0">
  <reporter-output>
  </reporter-output>
  <suite started-at="2023-07-02T11:06:28 IST" name="Suite" finished-at="2023-07-02T11:06:43 IST" duration-ms="15276">
    <groups>
    </groups>
    <test started-at="2023-07-02T11:06:28 IST" name="Test" finished-at="2023-07-02T11:06:43 IST" duration-ms="15276">
      <class name="test_Flipkart.Test1">
        <test-method is-config="true" signature="initialConfig()[pri:0, instance:test_Flipkart.Test1@76c3e77a]" started-at="2023-07-02T11:05:43 IST" name="initialConfig" finished-at="2023-07-02T11:06:28 IST" duration-ms="44588" status="PASS">
          <reporter-output>
          </reporter-output>
        </test-method> <!-- initialConfig -->
        <test-method is-config="true" signature="setUp()[pri:0, instance:test_Flipkart.Test1@76c3e77a]" started-at="2023-07-02T11:06:28 IST" name="setUp" finished-at="2023-07-02T11:06:28 IST" duration-ms="41" status="PASS">
          <reporter-output>
          </reporter-output>
        </test-method> <!-- setUp -->
        <test-method is-config="true" signature="setup(java.lang.reflect.Method)[pri:0, instance:test_Flipkart.Test1@76c3e77a]" started-at="2023-07-02T11:06:28 IST" name="setup" finished-at="2023-07-02T11:06:28 IST" duration-ms="14" status="PASS">
          <params>
            <param index="0">
              <value>
                <![CDATA[public void test_Flipkart.Test1.openFlipkart1() throws java.io.IOException]]>
              </value>
            </param>
          </params>
          <reporter-output>
          </reporter-output>
        </test-method> <!-- setup -->
        <test-method signature="openFlipkart1()[pri:1, instance:test_Flipkart.Test1@76c3e77a]" started-at="2023-07-02T11:06:28 IST" name="openFlipkart1" finished-at="2023-07-02T11:06:32 IST" duration-ms="4702" status="PASS">
          <reporter-output>
          </reporter-output>
        </test-method> <!-- openFlipkart1 -->
        <test-method signature="clearThePopUp()[pri:2, instance:test_Flipkart.Test1@76c3e77a]" started-at="2023-07-02T11:06:32 IST" name="clearThePopUp" finished-at="2023-07-02T11:06:33 IST" duration-ms="587" status="PASS">
          <reporter-output>
          </reporter-output>
        </test-method> <!-- clearThePopUp -->
        <test-method is-config="true" signature="setup(java.lang.reflect.Method)[pri:0, instance:test_Flipkart.Test1@76c3e77a]" started-at="2023-07-02T11:06:32 IST" name="setup" finished-at="2023-07-02T11:06:32 IST" duration-ms="0" status="PASS">
          <params>
            <param index="0">
              <value>
                <![CDATA[public void test_Flipkart.Test1.clearThePopUp()]]>
              </value>
            </param>
          </params>
          <reporter-output>
          </reporter-output>
        </test-method> <!-- setup -->
        <test-method signature="viewMobile()[pri:3, instance:test_Flipkart.Test1@76c3e77a]" started-at="2023-07-02T11:06:33 IST" name="viewMobile" finished-at="2023-07-02T11:06:34 IST" duration-ms="663" status="PASS">
          <reporter-output>
          </reporter-output>
        </test-method> <!-- viewMobile -->
        <test-method is-config="true" signature="setup(java.lang.reflect.Method)[pri:0, instance:test_Flipkart.Test1@76c3e77a]" started-at="2023-07-02T11:06:33 IST" name="setup" finished-at="2023-07-02T11:06:33 IST" duration-ms="0" status="PASS">
          <params>
            <param index="0">
              <value>
                <![CDATA[public void test_Flipkart.Test1.viewMobile() throws java.io.IOException]]>
              </value>
            </param>
          </params>
          <reporter-output>
          </reporter-output>
        </test-method> <!-- setup -->
        <test-method is-config="true" signature="setup(java.lang.reflect.Method)[pri:0, instance:test_Flipkart.Test1@76c3e77a]" started-at="2023-07-02T11:06:34 IST" name="setup" finished-at="2023-07-02T11:06:34 IST" duration-ms="0" status="PASS">
          <params>
            <param index="0">
              <value>
                <![CDATA[public void test_Flipkart.Test1.shopNowFromRealme()]]>
              </value>
            </param>
          </params>
          <reporter-output>
          </reporter-output>
        </test-method> <!-- setup -->
        <test-method signature="shopNowFromRealme()[pri:4, instance:test_Flipkart.Test1@76c3e77a]" started-at="2023-07-02T11:06:34 IST" name="shopNowFromRealme" finished-at="2023-07-02T11:06:35 IST" duration-ms="947" status="PASS">
          <reporter-output>
          </reporter-output>
        </test-method> <!-- shopNowFromRealme -->
        <test-method signature="selectDevice()[pri:5, instance:test_Flipkart.Test1@76c3e77a]" started-at="2023-07-02T11:06:35 IST" name="selectDevice" finished-at="2023-07-02T11:06:39 IST" duration-ms="4376" status="PASS">
          <reporter-output>
          </reporter-output>
        </test-method> <!-- selectDevice -->
        <test-method is-config="true" signature="setup(java.lang.reflect.Method)[pri:0, instance:test_Flipkart.Test1@76c3e77a]" started-at="2023-07-02T11:06:35 IST" name="setup" finished-at="2023-07-02T11:06:35 IST" duration-ms="0" status="PASS">
          <params>
            <param index="0">
              <value>
                <![CDATA[public void test_Flipkart.Test1.selectDevice() throws java.io.IOException]]>
              </value>
            </param>
          </params>
          <reporter-output>
          </reporter-output>
        </test-method> <!-- setup -->
        <test-method signature="addToCart()[pri:6, instance:test_Flipkart.Test1@76c3e77a]" started-at="2023-07-02T11:06:39 IST" name="addToCart" finished-at="2023-07-02T11:06:39 IST" duration-ms="335" status="PASS">
          <reporter-output>
          </reporter-output>
        </test-method> <!-- addToCart -->
        <test-method is-config="true" signature="setup(java.lang.reflect.Method)[pri:0, instance:test_Flipkart.Test1@76c3e77a]" started-at="2023-07-02T11:06:39 IST" name="setup" finished-at="2023-07-02T11:06:39 IST" duration-ms="0" status="PASS">
          <params>
            <param index="0">
              <value>
                <![CDATA[public void test_Flipkart.Test1.addToCart() throws java.io.IOException]]>
              </value>
            </param>
          </params>
          <reporter-output>
          </reporter-output>
        </test-method> <!-- setup -->
        <test-method is-config="true" signature="setup(java.lang.reflect.Method)[pri:0, instance:test_Flipkart.Test1@76c3e77a]" started-at="2023-07-02T11:06:39 IST" name="setup" finished-at="2023-07-02T11:06:39 IST" duration-ms="1" status="PASS">
          <params>
            <param index="0">
              <value>
                <![CDATA[public void test_Flipkart.Test1.placeOrder() throws java.io.IOException]]>
              </value>
            </param>
          </params>
          <reporter-output>
          </reporter-output>
        </test-method> <!-- setup -->
        <test-method signature="placeOrder()[pri:7, instance:test_Flipkart.Test1@76c3e77a]" started-at="2023-07-02T11:06:39 IST" name="placeOrder" finished-at="2023-07-02T11:06:42 IST" duration-ms="2845" status="PASS">
          <reporter-output>
          </reporter-output>
        </test-method> <!-- placeOrder -->
        <test-method signature="typeNumber()[pri:8, instance:test_Flipkart.Test1@76c3e77a]" started-at="2023-07-02T11:06:42 IST" name="typeNumber" finished-at="2023-07-02T11:06:42 IST" duration-ms="254" status="PASS">
          <reporter-output>
          </reporter-output>
        </test-method> <!-- typeNumber -->
        <test-method is-config="true" signature="setup(java.lang.reflect.Method)[pri:0, instance:test_Flipkart.Test1@76c3e77a]" started-at="2023-07-02T11:06:42 IST" name="setup" finished-at="2023-07-02T11:06:42 IST" duration-ms="0" status="PASS">
          <params>
            <param index="0">
              <value>
                <![CDATA[public void test_Flipkart.Test1.typeNumber() throws java.io.IOException]]>
              </value>
            </param>
          </params>
          <reporter-output>
          </reporter-output>
        </test-method> <!-- setup -->
        <test-method is-config="true" signature="setup(java.lang.reflect.Method)[pri:0, instance:test_Flipkart.Test1@76c3e77a]" started-at="2023-07-02T11:06:42 IST" name="setup" finished-at="2023-07-02T11:06:42 IST" duration-ms="1" status="PASS">
          <params>
            <param index="0">
              <value>
                <![CDATA[public void test_Flipkart.Test1.continueToRecieve() throws java.io.IOException]]>
              </value>
            </param>
          </params>
          <reporter-output>
          </reporter-output>
        </test-method> <!-- setup -->
        <test-method signature="continueToRecieve()[pri:9, instance:test_Flipkart.Test1@76c3e77a]" started-at="2023-07-02T11:06:42 IST" name="continueToRecieve" finished-at="2023-07-02T11:06:43 IST" duration-ms="262" status="PASS">
          <reporter-output>
          </reporter-output>
        </test-method> <!-- continueToRecieve -->
        <test-method is-config="true" signature="closeDriver()[pri:0, instance:test_Flipkart.Test1@76c3e77a]" started-at="2023-07-02T11:06:43 IST" name="closeDriver" finished-at="2023-07-02T11:06:43 IST" duration-ms="178" status="PASS">
          <reporter-output>
          </reporter-output>
        </test-method> <!-- closeDriver -->
        <test-method is-config="true" signature="tearDown()[pri:0, instance:test_Flipkart.Test1@76c3e77a]" started-at="2023-07-02T11:06:43 IST" name="tearDown" finished-at="2023-07-02T11:06:44 IST" duration-ms="1039" status="PASS">
          <reporter-output>
          </reporter-output>
        </test-method> <!-- tearDown -->
      </class> <!-- test_Flipkart.Test1 -->
    </test> <!-- Test -->
  </suite> <!-- Suite -->
</testng-results>
